<?xml version="1.0" encoding="UTF-8"?>
<testng-results skipped="0" failed="0" total="1" passed="1">
  <reporter-output>
  </reporter-output>
  <suite name="Suite" duration-ms="62404" started-at="2020-04-30T09:25:49Z" finished-at="2020-04-30T09:26:51Z">
    <groups>
      <group name="cucumber">
        <method signature="AbstractTestNGCucumberTests.feature(cucumber.api.testng.CucumberFeatureWrapper)[pri:0, instance:cucumberTestRun.TestRunner@18be83e4]" name="feature" class="cucumber.api.testng.AbstractTestNGCucumberTests"/>
      </group> <!-- cucumber -->
    </groups>
    <test name="Test" duration-ms="62404" started-at="2020-04-30T09:25:49Z" finished-at="2020-04-30T09:26:51Z">
      <class name="cucumberTestRun.TestRunner">
        <test-method status="PASS" signature="setUpClass()[pri:0, instance:cucumberTestRun.TestRunner@18be83e4]" name="setUpClass" is-config="true" duration-ms="456" started-at="2020-04-30T19:25:49Z" finished-at="2020-04-30T19:25:49Z">
          <reporter-output>
          </reporter-output>
        </test-method> <!-- setUpClass -->
        <test-method status="PASS" signature="feature(cucumber.api.testng.CucumberFeatureWrapper)[pri:0, instance:cucumberTestRun.TestRunner@18be83e4]" name="feature" duration-ms="61792" started-at="2020-04-30T19:25:49Z" description="Runs Cucumber Feature" data-provider="features" finished-at="2020-04-30T19:26:51Z">
          <params>
            <param index="0">
              <value>
                <![CDATA[Application login]]>
              </value>
            </param>
          </params>
          <reporter-output>
          </reporter-output>
        </test-method> <!-- feature -->
        <test-method status="PASS" signature="tearDownClass()[pri:0, instance:cucumberTestRun.TestRunner@18be83e4]" name="tearDownClass" is-config="true" duration-ms="5" started-at="2020-04-30T19:26:51Z" finished-at="2020-04-30T19:26:51Z">
          <reporter-output>
          </reporter-output>
        </test-method> <!-- tearDownClass -->
      </class> <!-- cucumberTestRun.TestRunner -->
    </test> <!-- Test -->
  </suite> <!-- Suite -->
</testng-results>
